# JRE version: Java(TM) SE Runtime Environment (8.0_301-b09) (build 1.8.0_301-b09)
# Java VM: Java HotSpot(TM) 64-Bit Server VM (25.301-b09 mixed mode windows-amd64 compressed oops)
Heap:
 PSYoungGen      total 72704K, used 38398K [0x00000000eb400000, 0x00000000f1300000, 0x0000000100000000)
  eden space 64512K, 46% used [0x00000000eb400000,0x00000000ed183460,0x00000000ef300000)
  from space 8192K, 99% used [0x00000000ef300000,0x00000000efafc480,0x00000000efb00000)
  to   space 12288K, 0% used [0x00000000f0700000,0x00000000f0700000,0x00000000f1300000)
 ParOldGen       total 46080K, used 13821K [0x00000000c1c00000, 0x00000000c4900000, 0x00000000eb400000)
  object space 46080K, 29% used [0x00000000c1c00000,0x00000000c297f688,0x00000000c4900000)
 Metaspace       used 25756K, capacity 26490K, committed 26624K, reserved 1073152K
  class space    used 3052K, capacity 3257K, committed 3328K, reserved 1048576K
GC Heap History (10 events):
Event: 3.015 GC heap before
{Heap before GC invocations=6 (full 0):
 PSYoungGen      total 35328K, used 35312K [0x00000000eb400000, 0x00000000f0200000, 0x0000000100000000)
  eden space 32768K, 100% used [0x00000000eb400000,0x00000000ed400000,0x00000000ed400000)
  from space 2560K, 99% used [0x00000000ed400000,0x00000000ed67c030,0x00000000ed680000)
  to   space 7168K, 0% used [0x00000000efb00000,0x00000000efb00000,0x00000000f0200000)
 ParOldGen       total 44032K, used 9243K [0x00000000c1c00000, 0x00000000c4700000, 0x00000000eb400000)
  object space 44032K, 20% used [0x00000000c1c00000,0x00000000c2506ef0,0x00000000c4700000)
 Metaspace       used 16112K, capacity 16406K, committed 16640K, reserved 1064960K
  class space    used 1927K, capacity 2038K, committed 2048K, reserved 1048576K
Event: 3.023 GC heap after
Heap after GC invocations=6 (full 0):
 PSYoungGen      total 71680K, used 6775K [0x00000000eb400000, 0x00000000f0400000, 0x0000000100000000)
  eden space 64512K, 0% used [0x00000000eb400000,0x00000000eb400000,0x00000000ef300000)
  from space 7168K, 94% used [0x00000000efb00000,0x00000000f019dcb8,0x00000000f0200000)
  to   space 8192K, 0% used [0x00000000ef300000,0x00000000ef300000,0x00000000efb00000)
 ParOldGen       total 44032K, used 9251K [0x00000000c1c00000, 0x00000000c4700000, 0x00000000eb400000)
  object space 44032K, 21% used [0x00000000c1c00000,0x00000000c2508ef0,0x00000000c4700000)
 Metaspace       used 16112K, capacity 16406K, committed 16640K, reserved 1064960K
  class space    used 1927K, capacity 2038K, committed 2048K, reserved 1048576K
}
Event: 4.850 GC heap before
{Heap before GC invocations=7 (full 0):
 PSYoungGen      total 71680K, used 71287K [0x00000000eb400000, 0x00000000f0400000, 0x0000000100000000)
  eden space 64512K, 100% used [0x00000000eb400000,0x00000000ef300000,0x00000000ef300000)
  from space 7168K, 94% used [0x00000000efb00000,0x00000000f019dcb8,0x00000000f0200000)
  to   space 8192K, 0% used [0x00000000ef300000,0x00000000ef300000,0x00000000efb00000)
 ParOldGen       total 44032K, used 9251K [0x00000000c1c00000, 0x00000000c4700000, 0x00000000eb400000)
  object space 44032K, 21% used [0x00000000c1c00000,0x00000000c2508ef0,0x00000000c4700000)
 Metaspace       used 17779K, capacity 18284K, committed 18432K, reserved 1064960K
  class space    used 2077K, capacity 2229K, committed 2304K, reserved 1048576K
Event: 4.881 GC heap after
Heap after GC invocations=7 (full 0):
 PSYoungGen      total 72704K, used 8160K [0x00000000eb400000, 0x00000000f0400000, 0x0000000100000000)
  eden space 64512K, 0% used [0x00000000eb400000,0x00000000eb400000,0x00000000ef300000)
  from space 8192K, 99% used [0x00000000ef300000,0x00000000efaf8020,0x00000000efb00000)
  to   space 7168K, 0% used [0x00000000efb00000,0x00000000efb00000,0x00000000f0200000)
 ParOldGen       total 44032K, used 11512K [0x00000000c1c00000, 0x00000000c4700000, 0x00000000eb400000)
  object space 44032K, 26% used [0x00000000c1c00000,0x00000000c273e040,0x00000000c4700000)
 Metaspace       used 17779K, capacity 18284K, committed 18432K, reserved 1064960K
  class space    used 2077K, capacity 2229K, committed 2304K, reserved 1048576K
}
Event: 5.322 GC heap before
{Heap before GC invocations=8 (full 0):
 PSYoungGen      total 72704K, used 26398K [0x00000000eb400000, 0x00000000f0400000, 0x0000000100000000)
  eden space 64512K, 28% used [0x00000000eb400000,0x00000000ec5cf9d8,0x00000000ef300000)
  from space 8192K, 99% used [0x00000000ef300000,0x00000000efaf8020,0x00000000efb00000)
  to   space 7168K, 0% used [0x00000000efb00000,0x00000000efb00000,0x00000000f0200000)
 ParOldGen       total 44032K, used 11512K [0x00000000c1c00000, 0x00000000c4700000, 0x00000000eb400000)
  object space 44032K, 26% used [0x00000000c1c00000,0x00000000c273e040,0x00000000c4700000)
 Metaspace       used 20626K, capacity 21132K, committed 21296K, reserved 1069056K
  class space    used 2477K, capacity 2629K, committed 2688K, reserved 1048576K
Event: 5.332 GC heap after
Heap after GC invocations=8 (full 0):
 PSYoungGen      total 71680K, used 7152K [0x00000000eb400000, 0x00000000f0400000, 0x0000000100000000)
  eden space 64512K, 0% used [0x00000000eb400000,0x00000000eb400000,0x00000000ef300000)
  from space 7168K, 99% used [0x00000000efb00000,0x00000000f01fc030,0x00000000f0200000)
  to   space 8192K, 0% used [0x00000000ef300000,0x00000000ef300000,0x00000000efb00000)
 ParOldGen       total 44032K, used 13867K [0x00000000c1c00000, 0x00000000c4700000, 0x00000000eb400000)
  object space 44032K, 31% used [0x00000000c1c00000,0x00000000c298ae78,0x00000000c4700000)
 Metaspace       used 20626K, capacity 21132K, committed 21296K, reserved 1069056K
  class space    used 2477K, capacity 2629K, committed 2688K, reserved 1048576K
}
Event: 5.332 GC heap before
{Heap before GC invocations=9 (full 1):
 PSYoungGen      total 71680K, used 7152K [0x00000000eb400000, 0x00000000f0400000, 0x0000000100000000)
  eden space 64512K, 0% used [0x00000000eb400000,0x00000000eb400000,0x00000000ef300000)
  from space 7168K, 99% used [0x00000000efb00000,0x00000000f01fc030,0x00000000f0200000)
  to   space 8192K, 0% used [0x00000000ef300000,0x00000000ef300000,0x00000000efb00000)
 ParOldGen       total 44032K, used 13867K [0x00000000c1c00000, 0x00000000c4700000, 0x00000000eb400000)
  object space 44032K, 31% used [0x00000000c1c00000,0x00000000c298ae78,0x00000000c4700000)
 Metaspace       used 20626K, capacity 21132K, committed 21296K, reserved 1069056K
  class space    used 2477K, capacity 2629K, committed 2688K, reserved 1048576K
Event: 5.587 GC heap after
Heap after GC invocations=9 (full 1):
 PSYoungGen      total 71680K, used 0K [0x00000000eb400000, 0x00000000f0400000, 0x0000000100000000)
  eden space 64512K, 0% used [0x00000000eb400000,0x00000000eb400000,0x00000000ef300000)
  from space 7168K, 0% used [0x00000000efb00000,0x00000000efb00000,0x00000000f0200000)
  to   space 8192K, 0% used [0x00000000ef300000,0x00000000ef300000,0x00000000efb00000)
 ParOldGen       total 46080K, used 12444K [0x00000000c1c00000, 0x00000000c4900000, 0x00000000eb400000)
  object space 46080K, 27% used [0x00000000c1c00000,0x00000000c2827180,0x00000000c4900000)
 Metaspace       used 20626K, capacity 21132K, committed 21296K, reserved 1069056K
  class space    used 2477K, capacity 2629K, committed 2688K, reserved 1048576K
}
Event: 8.889 GC heap before
{Heap before GC invocations=10 (full 1):
 PSYoungGen      total 71680K, used 64512K [0x00000000eb400000, 0x00000000f0400000, 0x0000000100000000)
  eden space 64512K, 100% used [0x00000000eb400000,0x00000000ef300000,0x00000000ef300000)
  from space 7168K, 0% used [0x00000000efb00000,0x00000000efb00000,0x00000000f0200000)
  to   space 8192K, 0% used [0x00000000ef300000,0x00000000ef300000,0x00000000efb00000)
 ParOldGen       total 46080K, used 12444K [0x00000000c1c00000, 0x00000000c4900000, 0x00000000eb400000)
  object space 46080K, 27% used [0x00000000c1c00000,0x00000000c2827180,0x00000000c4900000)
 Metaspace       used 24258K, capacity 24968K, committed 25088K, reserved 1071104K
  class space    used 2834K, capacity 3027K, committed 3072K, reserved 1048576K
Event: 8.903 GC heap after
Heap after GC invocations=10 (full 1):
 PSYoungGen      total 72704K, used 8177K [0x00000000eb400000, 0x00000000f1300000, 0x0000000100000000)
  eden space 64512K, 0% used [0x00000000eb400000,0x00000000eb400000,0x00000000ef300000)
  from space 8192K, 99% used [0x00000000ef300000,0x00000000efafc480,0x00000000efb00000)
  to   space 12288K, 0% used [0x00000000f0700000,0x00000000f0700000,0x00000000f1300000)
 ParOldGen       total 46080K, used 13821K [0x00000000c1c00000, 0x00000000c4900000, 0x00000000eb400000)
  object space 46080K, 29% used [0x00000000c1c00000,0x00000000c297f688,0x00000000c4900000)
 Metaspace       used 24258K, capacity 24968K, committed 25088K, reserved 1071104K
  class space    used 2834K, capacity 3027K, committed 3072K, reserved 1048576K
}

