# JRE version: Java(TM) SE Runtime Environment (8.0_301-b09) (build 1.8.0_301-b09)
# Java VM: Java HotSpot(TM) 64-Bit Server VM (25.301-b09 mixed mode windows-amd64 compressed oops)
Heap:
 PSYoungGen      total 72192K, used 23797K [0x00000000eb400000, 0x00000000f4600000, 0x0000000100000000)
  eden space 64000K, 24% used [0x00000000eb400000,0x00000000ec33d680,0x00000000ef280000)
  from space 8192K, 100% used [0x00000000ef280000,0x00000000efa80000,0x00000000efa80000)
  to   space 10752K, 0% used [0x00000000f3b80000,0x00000000f3b80000,0x00000000f4600000)
 ParOldGen       total 44032K, used 12214K [0x00000000c1c00000, 0x00000000c4700000, 0x00000000eb400000)
  object space 44032K, 27% used [0x00000000c1c00000,0x00000000c27eda78,0x00000000c4700000)
 Metaspace       used 19937K, capacity 20524K, committed 20736K, reserved 1067008K
  class space    used 2359K, capacity 2533K, committed 2560K, reserved 1048576K
GC Heap History (10 events):
Event: 1.250 GC heap before
{Heap before GC invocations=3 (full 0):
 PSYoungGen      total 18944K, used 18933K [0x00000000eb400000, 0x00000000ed900000, 0x0000000100000000)
  eden space 16384K, 100% used [0x00000000eb400000,0x00000000ec400000,0x00000000ec400000)
  from space 2560K, 99% used [0x00000000ec680000,0x00000000ec8fd7b8,0x00000000ec900000)
  to   space 2560K, 0% used [0x00000000ec400000,0x00000000ec400000,0x00000000ec680000)
 ParOldGen       total 44032K, used 1532K [0x00000000c1c00000, 0x00000000c4700000, 0x00000000eb400000)
  object space 44032K, 3% used [0x00000000c1c00000,0x00000000c1d7f138,0x00000000c4700000)
 Metaspace       used 9725K, capacity 9874K, committed 9984K, reserved 1058816K
  class space    used 1169K, capacity 1244K, committed 1280K, reserved 1048576K
Event: 1.254 GC heap after
Heap after GC invocations=3 (full 0):
 PSYoungGen      total 18944K, used 2551K [0x00000000eb400000, 0x00000000ed900000, 0x0000000100000000)
  eden space 16384K, 0% used [0x00000000eb400000,0x00000000eb400000,0x00000000ec400000)
  from space 2560K, 99% used [0x00000000ec400000,0x00000000ec67dd10,0x00000000ec680000)
  to   space 2560K, 0% used [0x00000000ed680000,0x00000000ed680000,0x00000000ed900000)
 ParOldGen       total 44032K, used 2884K [0x00000000c1c00000, 0x00000000c4700000, 0x00000000eb400000)
  object space 44032K, 6% used [0x00000000c1c00000,0x00000000c1ed1358,0x00000000c4700000)
 Metaspace       used 9725K, capacity 9874K, committed 9984K, reserved 1058816K
  class space    used 1169K, capacity 1244K, committed 1280K, reserved 1048576K
}
Event: 1.463 GC heap before
{Heap before GC invocations=4 (full 0):
 PSYoungGen      total 18944K, used 18935K [0x00000000eb400000, 0x00000000ed900000, 0x0000000100000000)
  eden space 16384K, 100% used [0x00000000eb400000,0x00000000ec400000,0x00000000ec400000)
  from space 2560K, 99% used [0x00000000ec400000,0x00000000ec67dd10,0x00000000ec680000)
  to   space 2560K, 0% used [0x00000000ed680000,0x00000000ed680000,0x00000000ed900000)
 ParOldGen       total 44032K, used 2884K [0x00000000c1c00000, 0x00000000c4700000, 0x00000000eb400000)
  object space 44032K, 6% used [0x00000000c1c00000,0x00000000c1ed1358,0x00000000c4700000)
 Metaspace       used 11257K, capacity 11498K, committed 11776K, reserved 1058816K
  class space    used 1368K, capacity 1446K, committed 1536K, reserved 1048576K
Event: 1.469 GC heap after
Heap after GC invocations=4 (full 0):
 PSYoungGen      total 35328K, used 2528K [0x00000000eb400000, 0x00000000ed900000, 0x0000000100000000)
  eden space 32768K, 0% used [0x00000000eb400000,0x00000000eb400000,0x00000000ed400000)
  from space 2560K, 98% used [0x00000000ed680000,0x00000000ed8f8020,0x00000000ed900000)
  to   space 2560K, 0% used [0x00000000ed400000,0x00000000ed400000,0x00000000ed680000)
 ParOldGen       total 44032K, used 4787K [0x00000000c1c00000, 0x00000000c4700000, 0x00000000eb400000)
  object space 44032K, 10% used [0x00000000c1c00000,0x00000000c20aceb8,0x00000000c4700000)
 Metaspace       used 11257K, capacity 11498K, committed 11776K, reserved 1058816K
  class space    used 1368K, capacity 1446K, committed 1536K, reserved 1048576K
}
Event: 1.914 GC heap before
{Heap before GC invocations=5 (full 0):
 PSYoungGen      total 35328K, used 35296K [0x00000000eb400000, 0x00000000ed900000, 0x0000000100000000)
  eden space 32768K, 100% used [0x00000000eb400000,0x00000000ed400000,0x00000000ed400000)
  from space 2560K, 98% used [0x00000000ed680000,0x00000000ed8f8020,0x00000000ed900000)
  to   space 2560K, 0% used [0x00000000ed400000,0x00000000ed400000,0x00000000ed680000)
 ParOldGen       total 44032K, used 4787K [0x00000000c1c00000, 0x00000000c4700000, 0x00000000eb400000)
  object space 44032K, 10% used [0x00000000c1c00000,0x00000000c20aceb8,0x00000000c4700000)
 Metaspace       used 14891K, capacity 15166K, committed 15232K, reserved 1062912K
  class space    used 1840K, capacity 1906K, committed 1920K, reserved 1048576K
Event: 1.924 GC heap after
Heap after GC invocations=5 (full 0):
 PSYoungGen      total 35328K, used 2544K [0x00000000eb400000, 0x00000000f0100000, 0x0000000100000000)
  eden space 32768K, 0% used [0x00000000eb400000,0x00000000eb400000,0x00000000ed400000)
  from space 2560K, 99% used [0x00000000ed400000,0x00000000ed67c010,0x00000000ed680000)
  to   space 6656K, 0% used [0x00000000efa80000,0x00000000efa80000,0x00000000f0100000)
 ParOldGen       total 44032K, used 8902K [0x00000000c1c00000, 0x00000000c4700000, 0x00000000eb400000)
  object space 44032K, 20% used [0x00000000c1c00000,0x00000000c24b1918,0x00000000c4700000)
 Metaspace       used 14891K, capacity 15166K, committed 15232K, reserved 1062912K
  class space    used 1840K, capacity 1906K, committed 1920K, reserved 1048576K
}
Event: 2.577 GC heap before
{Heap before GC invocations=6 (full 0):
 PSYoungGen      total 35328K, used 35312K [0x00000000eb400000, 0x00000000f0100000, 0x0000000100000000)
  eden space 32768K, 100% used [0x00000000eb400000,0x00000000ed400000,0x00000000ed400000)
  from space 2560K, 99% used [0x00000000ed400000,0x00000000ed67c010,0x00000000ed680000)
  to   space 6656K, 0% used [0x00000000efa80000,0x00000000efa80000,0x00000000f0100000)
 ParOldGen       total 44032K, used 8902K [0x00000000c1c00000, 0x00000000c4700000, 0x00000000eb400000)
  object space 44032K, 20% used [0x00000000c1c00000,0x00000000c24b1918,0x00000000c4700000)
 Metaspace       used 16079K, capacity 16406K, committed 16640K, reserved 1064960K
  class space    used 1925K, capacity 2038K, committed 2048K, reserved 1048576K
Event: 2.585 GC heap after
Heap after GC invocations=6 (full 0):
 PSYoungGen      total 70656K, used 6640K [0x00000000eb400000, 0x00000000f0400000, 0x0000000100000000)
  eden space 64000K, 0% used [0x00000000eb400000,0x00000000eb400000,0x00000000ef280000)
  from space 6656K, 99% used [0x00000000efa80000,0x00000000f00fc050,0x00000000f0100000)
  to   space 8192K, 0% used [0x00000000ef280000,0x00000000ef280000,0x00000000efa80000)
 ParOldGen       total 44032K, used 9561K [0x00000000c1c00000, 0x00000000c4700000, 0x00000000eb400000)
  object space 44032K, 21% used [0x00000000c1c00000,0x00000000c25565f8,0x00000000c4700000)
 Metaspace       used 16079K, capacity 16406K, committed 16640K, reserved 1064960K
  class space    used 1925K, capacity 2038K, committed 2048K, reserved 1048576K
}
Event: 3.951 GC heap before
{Heap before GC invocations=7 (full 0):
 PSYoungGen      total 70656K, used 70640K [0x00000000eb400000, 0x00000000f0400000, 0x0000000100000000)
  eden space 64000K, 100% used [0x00000000eb400000,0x00000000ef280000,0x00000000ef280000)
  from space 6656K, 99% used [0x00000000efa80000,0x00000000f00fc050,0x00000000f0100000)
  to   space 8192K, 0% used [0x00000000ef280000,0x00000000ef280000,0x00000000efa80000)
 ParOldGen       total 44032K, used 9561K [0x00000000c1c00000, 0x00000000c4700000, 0x00000000eb400000)
  object space 44032K, 21% used [0x00000000c1c00000,0x00000000c25565f8,0x00000000c4700000)
 Metaspace       used 17748K, capacity 18284K, committed 18432K, reserved 1064960K
  class space    used 2077K, capacity 2229K, committed 2304K, reserved 1048576K
Event: 3.963 GC heap after
Heap after GC invocations=7 (full 0):
 PSYoungGen      total 72192K, used 8192K [0x00000000eb400000, 0x00000000f4600000, 0x0000000100000000)
  eden space 64000K, 0% used [0x00000000eb400000,0x00000000eb400000,0x00000000ef280000)
  from space 8192K, 100% used [0x00000000ef280000,0x00000000efa80000,0x00000000efa80000)
  to   space 10752K, 0% used [0x00000000f3b80000,0x00000000f3b80000,0x00000000f4600000)
 ParOldGen       total 44032K, used 12214K [0x00000000c1c00000, 0x00000000c4700000, 0x00000000eb400000)
  object space 44032K, 27% used [0x00000000c1c00000,0x00000000c27eda78,0x00000000c4700000)
 Metaspace       used 17748K, capacity 18284K, committed 18432K, reserved 1064960K
  class space    used 2077K, capacity 2229K, committed 2304K, reserved 1048576K
}

