# JRE version: Java(TM) SE Runtime Environment (8.0_301-b09) (build 1.8.0_301-b09)
# Java VM: Java HotSpot(TM) 64-Bit Server VM (25.301-b09 mixed mode windows-amd64 compressed oops)
Heap:
 PSYoungGen      total 72192K, used 27260K [0x00000000eb400000, 0x00000000f4600000, 0x0000000100000000)
  eden space 64000K, 29% used [0x00000000eb400000,0x00000000ec69f0c8,0x00000000ef280000)
  from space 8192K, 100% used [0x00000000ef280000,0x00000000efa80000,0x00000000efa80000)
  to   space 10752K, 82% used [0x00000000f3b80000,0x00000000f4424030,0x00000000f4600000)
 ParOldGen       total 44032K, used 12815K [0x00000000c1c00000, 0x00000000c4700000, 0x00000000eb400000)
  object space 44032K, 29% used [0x00000000c1c00000,0x00000000c2883ec0,0x00000000c4700000)
 Metaspace       used 20606K, capacity 21168K, committed 21296K, reserved 1069056K
  class space    used 2478K, capacity 2661K, committed 2688K, reserved 1048576K
GC Heap History (10 events):
Event: 2.156 GC heap before
{Heap before GC invocations=3 (full 0):
 PSYoungGen      total 18944K, used 18934K [0x00000000eb400000, 0x00000000ec900000, 0x0000000100000000)
  eden space 16384K, 100% used [0x00000000eb400000,0x00000000ec400000,0x00000000ec400000)
  from space 2560K, 99% used [0x00000000ec680000,0x00000000ec8fd8c8,0x00000000ec900000)
  to   space 2560K, 0% used [0x00000000ec400000,0x00000000ec400000,0x00000000ec680000)
 ParOldGen       total 44032K, used 1583K [0x00000000c1c00000, 0x00000000c4700000, 0x00000000eb400000)
  object space 44032K, 3% used [0x00000000c1c00000,0x00000000c1d8bd90,0x00000000c4700000)
 Metaspace       used 9714K, capacity 9874K, committed 9984K, reserved 1058816K
  class space    used 1170K, capacity 1244K, committed 1280K, reserved 1048576K
Event: 2.160 GC heap after
Heap after GC invocations=3 (full 0):
 PSYoungGen      total 18944K, used 2551K [0x00000000eb400000, 0x00000000ed900000, 0x0000000100000000)
  eden space 16384K, 0% used [0x00000000eb400000,0x00000000eb400000,0x00000000ec400000)
  from space 2560K, 99% used [0x00000000ec400000,0x00000000ec67dd10,0x00000000ec680000)
  to   space 2560K, 0% used [0x00000000ed680000,0x00000000ed680000,0x00000000ed900000)
 ParOldGen       total 44032K, used 2871K [0x00000000c1c00000, 0x00000000c4700000, 0x00000000eb400000)
  object space 44032K, 6% used [0x00000000c1c00000,0x00000000c1ecded8,0x00000000c4700000)
 Metaspace       used 9714K, capacity 9874K, committed 9984K, reserved 1058816K
  class space    used 1170K, capacity 1244K, committed 1280K, reserved 1048576K
}
Event: 2.351 GC heap before
{Heap before GC invocations=4 (full 0):
 PSYoungGen      total 18944K, used 18935K [0x00000000eb400000, 0x00000000ed900000, 0x0000000100000000)
  eden space 16384K, 100% used [0x00000000eb400000,0x00000000ec400000,0x00000000ec400000)
  from space 2560K, 99% used [0x00000000ec400000,0x00000000ec67dd10,0x00000000ec680000)
  to   space 2560K, 0% used [0x00000000ed680000,0x00000000ed680000,0x00000000ed900000)
 ParOldGen       total 44032K, used 2871K [0x00000000c1c00000, 0x00000000c4700000, 0x00000000eb400000)
  object space 44032K, 6% used [0x00000000c1c00000,0x00000000c1ecded8,0x00000000c4700000)
 Metaspace       used 11259K, capacity 11434K, committed 11776K, reserved 1058816K
  class space    used 1369K, capacity 1446K, committed 1536K, reserved 1048576K
Event: 2.355 GC heap after
Heap after GC invocations=4 (full 0):
 PSYoungGen      total 35328K, used 2528K [0x00000000eb400000, 0x00000000ed900000, 0x0000000100000000)
  eden space 32768K, 0% used [0x00000000eb400000,0x00000000eb400000,0x00000000ed400000)
  from space 2560K, 98% used [0x00000000ed680000,0x00000000ed8f8040,0x00000000ed900000)
  to   space 2560K, 0% used [0x00000000ed400000,0x00000000ed400000,0x00000000ed680000)
 ParOldGen       total 44032K, used 4759K [0x00000000c1c00000, 0x00000000c4700000, 0x00000000eb400000)
  object space 44032K, 10% used [0x00000000c1c00000,0x00000000c20a5c30,0x00000000c4700000)
 Metaspace       used 11259K, capacity 11434K, committed 11776K, reserved 1058816K
  class space    used 1369K, capacity 1446K, committed 1536K, reserved 1048576K
}
Event: 3.369 GC heap before
{Heap before GC invocations=5 (full 0):
 PSYoungGen      total 35328K, used 35296K [0x00000000eb400000, 0x00000000ed900000, 0x0000000100000000)
  eden space 32768K, 100% used [0x00000000eb400000,0x00000000ed400000,0x00000000ed400000)
  from space 2560K, 98% used [0x00000000ed680000,0x00000000ed8f8040,0x00000000ed900000)
  to   space 2560K, 0% used [0x00000000ed400000,0x00000000ed400000,0x00000000ed680000)
 ParOldGen       total 44032K, used 4759K [0x00000000c1c00000, 0x00000000c4700000, 0x00000000eb400000)
  object space 44032K, 10% used [0x00000000c1c00000,0x00000000c20a5c30,0x00000000c4700000)
 Metaspace       used 14914K, capacity 15166K, committed 15232K, reserved 1062912K
  class space    used 1840K, capacity 1906K, committed 1920K, reserved 1048576K
Event: 3.388 GC heap after
Heap after GC invocations=5 (full 0):
 PSYoungGen      total 35328K, used 2528K [0x00000000eb400000, 0x00000000f0100000, 0x0000000100000000)
  eden space 32768K, 0% used [0x00000000eb400000,0x00000000eb400000,0x00000000ed400000)
  from space 2560K, 98% used [0x00000000ed400000,0x00000000ed678020,0x00000000ed680000)
  to   space 6656K, 0% used [0x00000000efa80000,0x00000000efa80000,0x00000000f0100000)
 ParOldGen       total 44032K, used 8940K [0x00000000c1c00000, 0x00000000c4700000, 0x00000000eb400000)
  object space 44032K, 20% used [0x00000000c1c00000,0x00000000c24bb358,0x00000000c4700000)
 Metaspace       used 14914K, capacity 15166K, committed 15232K, reserved 1062912K
  class space    used 1840K, capacity 1906K, committed 1920K, reserved 1048576K
}
Event: 4.155 GC heap before
{Heap before GC invocations=6 (full 0):
 PSYoungGen      total 35328K, used 35296K [0x00000000eb400000, 0x00000000f0100000, 0x0000000100000000)
  eden space 32768K, 100% used [0x00000000eb400000,0x00000000ed400000,0x00000000ed400000)
  from space 2560K, 98% used [0x00000000ed400000,0x00000000ed678020,0x00000000ed680000)
  to   space 6656K, 0% used [0x00000000efa80000,0x00000000efa80000,0x00000000f0100000)
 ParOldGen       total 44032K, used 8940K [0x00000000c1c00000, 0x00000000c4700000, 0x00000000eb400000)
  object space 44032K, 20% used [0x00000000c1c00000,0x00000000c24bb358,0x00000000c4700000)
 Metaspace       used 16090K, capacity 16406K, committed 16640K, reserved 1064960K
  class space    used 1926K, capacity 2038K, committed 2048K, reserved 1048576K
Event: 4.164 GC heap after
Heap after GC invocations=6 (full 0):
 PSYoungGen      total 70656K, used 6624K [0x00000000eb400000, 0x00000000f0400000, 0x0000000100000000)
  eden space 64000K, 0% used [0x00000000eb400000,0x00000000eb400000,0x00000000ef280000)
  from space 6656K, 99% used [0x00000000efa80000,0x00000000f00f8040,0x00000000f0100000)
  to   space 8192K, 0% used [0x00000000ef280000,0x00000000ef280000,0x00000000efa80000)
 ParOldGen       total 44032K, used 9613K [0x00000000c1c00000, 0x00000000c4700000, 0x00000000eb400000)
  object space 44032K, 21% used [0x00000000c1c00000,0x00000000c25634b8,0x00000000c4700000)
 Metaspace       used 16090K, capacity 16406K, committed 16640K, reserved 1064960K
  class space    used 1926K, capacity 2038K, committed 2048K, reserved 1048576K
}
Event: 6.107 GC heap before
{Heap before GC invocations=7 (full 0):
 PSYoungGen      total 70656K, used 70624K [0x00000000eb400000, 0x00000000f0400000, 0x0000000100000000)
  eden space 64000K, 100% used [0x00000000eb400000,0x00000000ef280000,0x00000000ef280000)
  from space 6656K, 99% used [0x00000000efa80000,0x00000000f00f8040,0x00000000f0100000)
  to   space 8192K, 0% used [0x00000000ef280000,0x00000000ef280000,0x00000000efa80000)
 ParOldGen       total 44032K, used 9613K [0x00000000c1c00000, 0x00000000c4700000, 0x00000000eb400000)
  object space 44032K, 21% used [0x00000000c1c00000,0x00000000c25634b8,0x00000000c4700000)
 Metaspace       used 17734K, capacity 18284K, committed 18432K, reserved 1064960K
  class space    used 2077K, capacity 2229K, committed 2304K, reserved 1048576K
Event: 6.118 GC heap after
Heap after GC invocations=7 (full 0):
 PSYoungGen      total 72192K, used 8192K [0x00000000eb400000, 0x00000000f4600000, 0x0000000100000000)
  eden space 64000K, 0% used [0x00000000eb400000,0x00000000eb400000,0x00000000ef280000)
  from space 8192K, 100% used [0x00000000ef280000,0x00000000efa80000,0x00000000efa80000)
  to   space 10752K, 0% used [0x00000000f3b80000,0x00000000f3b80000,0x00000000f4600000)
 ParOldGen       total 44032K, used 12375K [0x00000000c1c00000, 0x00000000c4700000, 0x00000000eb400000)
  object space 44032K, 28% used [0x00000000c1c00000,0x00000000c2815ec0,0x00000000c4700000)
 Metaspace       used 17734K, capacity 18284K, committed 18432K, reserved 1064960K
  class space    used 2077K, capacity 2229K, committed 2304K, reserved 1048576K
}

