# JRE version: Java(TM) SE Runtime Environment (8.0_301-b09) (build 1.8.0_301-b09)
# Java VM: Java HotSpot(TM) 64-Bit Server VM (25.301-b09 mixed mode windows-amd64 compressed oops)
Heap:
 PSYoungGen      total 197120K, used 38781K [0x00000000eb400000, 0x00000000fd500000, 0x0000000100000000)
  eden space 178688K, 21% used [0x00000000eb400000,0x00000000ed9df4a8,0x00000000f6280000)
  from space 18432K, 0% used [0x00000000f6280000,0x00000000f6280000,0x00000000f7480000)
  to   space 17408K, 0% used [0x00000000fc400000,0x00000000fc400000,0x00000000fd500000)
 ParOldGen       total 76288K, used 33792K [0x00000000c1c00000, 0x00000000c6680000, 0x00000000eb400000)
  object space 76288K, 44% used [0x00000000c1c00000,0x00000000c3d000e8,0x00000000c6680000)
 Metaspace       used 28474K, capacity 29308K, committed 29568K, reserved 1075200K
  class space    used 3344K, capacity 3598K, committed 3712K, reserved 1048576K
GC Heap History (10 events):
Event: 10.511 GC heap before
{Heap before GC invocations=9 (full 1):
 PSYoungGen      total 138752K, used 9223K [0x00000000eb400000, 0x00000000f4900000, 0x0000000100000000)
  eden space 128000K, 0% used [0x00000000eb400000,0x00000000eb400000,0x00000000f3100000)
  from space 10752K, 85% used [0x00000000f3c80000,0x00000000f4581f58,0x00000000f4700000)
  to   space 11776K, 0% used [0x00000000f3100000,0x00000000f3100000,0x00000000f3c80000)
 ParOldGen       total 44032K, used 12473K [0x00000000c1c00000, 0x00000000c4700000, 0x00000000eb400000)
  object space 44032K, 28% used [0x00000000c1c00000,0x00000000c282e460,0x00000000c4700000)
 Metaspace       used 20618K, capacity 21132K, committed 21296K, reserved 1069056K
  class space    used 2475K, capacity 2629K, committed 2688K, reserved 1048576K
Event: 10.572 GC heap after
Heap after GC invocations=9 (full 1):
 PSYoungGen      total 138752K, used 0K [0x00000000eb400000, 0x00000000f4900000, 0x0000000100000000)
  eden space 128000K, 0% used [0x00000000eb400000,0x00000000eb400000,0x00000000f3100000)
  from space 10752K, 0% used [0x00000000f3c80000,0x00000000f3c80000,0x00000000f4700000)
  to   space 11776K, 0% used [0x00000000f3100000,0x00000000f3100000,0x00000000f3c80000)
 ParOldGen       total 39424K, used 12456K [0x00000000c1c00000, 0x00000000c4280000, 0x00000000eb400000)
  object space 39424K, 31% used [0x00000000c1c00000,0x00000000c282a1a0,0x00000000c4280000)
 Metaspace       used 20618K, capacity 21132K, committed 21296K, reserved 1069056K
  class space    used 2475K, capacity 2629K, committed 2688K, reserved 1048576K
}
Event: 13.543 GC heap before
{Heap before GC invocations=10 (full 1):
 PSYoungGen      total 138752K, used 128000K [0x00000000eb400000, 0x00000000f4900000, 0x0000000100000000)
  eden space 128000K, 100% used [0x00000000eb400000,0x00000000f3100000,0x00000000f3100000)
  from space 10752K, 0% used [0x00000000f3c80000,0x00000000f3c80000,0x00000000f4700000)
  to   space 11776K, 0% used [0x00000000f3100000,0x00000000f3100000,0x00000000f3c80000)
 ParOldGen       total 39424K, used 12456K [0x00000000c1c00000, 0x00000000c4280000, 0x00000000eb400000)
  object space 39424K, 31% used [0x00000000c1c00000,0x00000000c282a1a0,0x00000000c4280000)
 Metaspace       used 25974K, capacity 26694K, committed 26880K, reserved 1073152K
  class space    used 3049K, capacity 3259K, committed 3328K, reserved 1048576K
Event: 13.616 GC heap after
Heap after GC invocations=10 (full 1):
 PSYoungGen      total 139776K, used 11745K [0x00000000eb400000, 0x00000000f8300000, 0x0000000100000000)
  eden space 128000K, 0% used [0x00000000eb400000,0x00000000eb400000,0x00000000f3100000)
  from space 11776K, 99% used [0x00000000f3100000,0x00000000f3c78490,0x00000000f3c80000)
  to   space 14848K, 0% used [0x00000000f7480000,0x00000000f7480000,0x00000000f8300000)
 ParOldGen       total 39424K, used 16001K [0x00000000c1c00000, 0x00000000c4280000, 0x00000000eb400000)
  object space 39424K, 40% used [0x00000000c1c00000,0x00000000c2ba05b0,0x00000000c4280000)
 Metaspace       used 25974K, capacity 26694K, committed 26880K, reserved 1073152K
  class space    used 3049K, capacity 3259K, committed 3328K, reserved 1048576K
}
Event: 15.961 GC heap before
{Heap before GC invocations=11 (full 1):
 PSYoungGen      total 139776K, used 139745K [0x00000000eb400000, 0x00000000f8300000, 0x0000000100000000)
  eden space 128000K, 100% used [0x00000000eb400000,0x00000000f3100000,0x00000000f3100000)
  from space 11776K, 99% used [0x00000000f3100000,0x00000000f3c78490,0x00000000f3c80000)
  to   space 14848K, 0% used [0x00000000f7480000,0x00000000f7480000,0x00000000f8300000)
 ParOldGen       total 39424K, used 16001K [0x00000000c1c00000, 0x00000000c4280000, 0x00000000eb400000)
  object space 39424K, 40% used [0x00000000c1c00000,0x00000000c2ba05b0,0x00000000c4280000)
 Metaspace       used 26388K, capacity 27174K, committed 27392K, reserved 1073152K
  class space    used 3066K, capacity 3291K, committed 3328K, reserved 1048576K
Event: 15.983 GC heap after
Heap after GC invocations=11 (full 1):
 PSYoungGen      total 193536K, used 14837K [0x00000000eb400000, 0x00000000f8880000, 0x0000000100000000)
  eden space 178688K, 0% used [0x00000000eb400000,0x00000000eb400000,0x00000000f6280000)
  from space 14848K, 99% used [0x00000000f7480000,0x00000000f82fd4e0,0x00000000f8300000)
  to   space 18432K, 0% used [0x00000000f6280000,0x00000000f6280000,0x00000000f7480000)
 ParOldGen       total 39424K, used 19954K [0x00000000c1c00000, 0x00000000c4280000, 0x00000000eb400000)
  object space 39424K, 50% used [0x00000000c1c00000,0x00000000c2f7caa8,0x00000000c4280000)
 Metaspace       used 26388K, capacity 27174K, committed 27392K, reserved 1073152K
  class space    used 3066K, capacity 3291K, committed 3328K, reserved 1048576K
}
Event: 18.175 GC heap before
{Heap before GC invocations=12 (full 1):
 PSYoungGen      total 193536K, used 193525K [0x00000000eb400000, 0x00000000f8880000, 0x0000000100000000)
  eden space 178688K, 100% used [0x00000000eb400000,0x00000000f6280000,0x00000000f6280000)
  from space 14848K, 99% used [0x00000000f7480000,0x00000000f82fd4e0,0x00000000f8300000)
  to   space 18432K, 0% used [0x00000000f6280000,0x00000000f6280000,0x00000000f7480000)
 ParOldGen       total 39424K, used 19954K [0x00000000c1c00000, 0x00000000c4280000, 0x00000000eb400000)
  object space 39424K, 50% used [0x00000000c1c00000,0x00000000c2f7caa8,0x00000000c4280000)
 Metaspace       used 26955K, capacity 27800K, committed 27904K, reserved 1073152K
  class space    used 3106K, capacity 3326K, committed 3328K, reserved 1048576K
Event: 18.266 GC heap after
Heap after GC invocations=12 (full 1):
 PSYoungGen      total 197120K, used 7694K [0x00000000eb400000, 0x00000000fd500000, 0x0000000100000000)
  eden space 178688K, 0% used [0x00000000eb400000,0x00000000eb400000,0x00000000f6280000)
  from space 18432K, 41% used [0x00000000f6280000,0x00000000f6a03b60,0x00000000f7480000)
  to   space 17408K, 0% used [0x00000000fc400000,0x00000000fc400000,0x00000000fd500000)
 ParOldGen       total 39424K, used 34672K [0x00000000c1c00000, 0x00000000c4280000, 0x00000000eb400000)
  object space 39424K, 87% used [0x00000000c1c00000,0x00000000c3ddc358,0x00000000c4280000)
 Metaspace       used 26955K, capacity 27800K, committed 27904K, reserved 1073152K
  class space    used 3106K, capacity 3326K, committed 3328K, reserved 1048576K
}
Event: 18.267 GC heap before
{Heap before GC invocations=13 (full 2):
 PSYoungGen      total 197120K, used 7694K [0x00000000eb400000, 0x00000000fd500000, 0x0000000100000000)
  eden space 178688K, 0% used [0x00000000eb400000,0x00000000eb400000,0x00000000f6280000)
  from space 18432K, 41% used [0x00000000f6280000,0x00000000f6a03b60,0x00000000f7480000)
  to   space 17408K, 0% used [0x00000000fc400000,0x00000000fc400000,0x00000000fd500000)
 ParOldGen       total 39424K, used 34672K [0x00000000c1c00000, 0x00000000c4280000, 0x00000000eb400000)
  object space 39424K, 87% used [0x00000000c1c00000,0x00000000c3ddc358,0x00000000c4280000)
 Metaspace       used 26955K, capacity 27800K, committed 27904K, reserved 1073152K
  class space    used 3106K, capacity 3326K, committed 3328K, reserved 1048576K
Event: 18.438 GC heap after
Heap after GC invocations=13 (full 2):
 PSYoungGen      total 197120K, used 0K [0x00000000eb400000, 0x00000000fd500000, 0x0000000100000000)
  eden space 178688K, 0% used [0x00000000eb400000,0x00000000eb400000,0x00000000f6280000)
  from space 18432K, 0% used [0x00000000f6280000,0x00000000f6280000,0x00000000f7480000)
  to   space 17408K, 0% used [0x00000000fc400000,0x00000000fc400000,0x00000000fd500000)
 ParOldGen       total 76288K, used 33792K [0x00000000c1c00000, 0x00000000c6680000, 0x00000000eb400000)
  object space 76288K, 44% used [0x00000000c1c00000,0x00000000c3d000e8,0x00000000c6680000)
 Metaspace       used 26955K, capacity 27800K, committed 27904K, reserved 1073152K
  class space    used 3106K, capacity 3326K, committed 3328K, reserved 1048576K
}

