# JRE version: Java(TM) SE Runtime Environment (8.0_301-b09) (build 1.8.0_301-b09)
# Java VM: Java HotSpot(TM) 64-Bit Server VM (25.301-b09 mixed mode windows-amd64 compressed oops)
Heap:
 PSYoungGen      total 211968K, used 145221K [0x00000000eb400000, 0x00000000f9280000, 0x0000000100000000)
  eden space 196096K, 74% used [0x00000000eb400000,0x00000000f41d15a0,0x00000000f7380000)
  from space 15872K, 0% used [0x00000000f7380000,0x00000000f7380000,0x00000000f8300000)
  to   space 12800K, 0% used [0x00000000f8580000,0x00000000f8580000,0x00000000f9200000)
 ParOldGen       total 72192K, used 27125K [0x00000000c1c00000, 0x00000000c6280000, 0x00000000eb400000)
  object space 72192K, 37% used [0x00000000c1c00000,0x00000000c367d408,0x00000000c6280000)
 Metaspace       used 63544K, capacity 66136K, committed 66344K, reserved 1105920K
  class space    used 8721K, capacity 9145K, committed 9264K, reserved 1048576K
GC Heap History (10 events):
Event: 5.383 GC heap before
{Heap before GC invocations=12 (full 1):
 PSYoungGen      total 150528K, used 26829K [0x00000000eb400000, 0x00000000f7300000, 0x0000000100000000)
  eden space 140800K, 12% used [0x00000000eb400000,0x00000000ec4b59a0,0x00000000f3d80000)
  from space 9728K, 99% used [0x00000000f4a00000,0x00000000f537dc00,0x00000000f5380000)
  to   space 12800K, 0% used [0x00000000f3d80000,0x00000000f3d80000,0x00000000f4a00000)
 ParOldGen       total 34304K, used 13843K [0x00000000c1c00000, 0x00000000c3d80000, 0x00000000eb400000)
  object space 34304K, 40% used [0x00000000c1c00000,0x00000000c2984d80,0x00000000c3d80000)
 Metaspace       used 33886K, capacity 35344K, committed 35496K, reserved 1079296K
  class space    used 4386K, capacity 4663K, committed 4784K, reserved 1048576K
Event: 5.391 GC heap after
Heap after GC invocations=12 (full 1):
 PSYoungGen      total 153600K, used 478K [0x00000000eb400000, 0x00000000f9200000, 0x0000000100000000)
  eden space 140800K, 0% used [0x00000000eb400000,0x00000000eb400000,0x00000000f3d80000)
  from space 12800K, 3% used [0x00000000f3d80000,0x00000000f3df7bc8,0x00000000f4a00000)
  to   space 12800K, 0% used [0x00000000f8580000,0x00000000f8580000,0x00000000f9200000)
 ParOldGen       total 34304K, used 20960K [0x00000000c1c00000, 0x00000000c3d80000, 0x00000000eb400000)
  object space 34304K, 61% used [0x00000000c1c00000,0x00000000c3078380,0x00000000c3d80000)
 Metaspace       used 33886K, capacity 35344K, committed 35496K, reserved 1079296K
  class space    used 4386K, capacity 4663K, committed 4784K, reserved 1048576K
}
Event: 5.391 GC heap before
{Heap before GC invocations=13 (full 2):
 PSYoungGen      total 153600K, used 478K [0x00000000eb400000, 0x00000000f9200000, 0x0000000100000000)
  eden space 140800K, 0% used [0x00000000eb400000,0x00000000eb400000,0x00000000f3d80000)
  from space 12800K, 3% used [0x00000000f3d80000,0x00000000f3df7bc8,0x00000000f4a00000)
  to   space 12800K, 0% used [0x00000000f8580000,0x00000000f8580000,0x00000000f9200000)
 ParOldGen       total 34304K, used 20960K [0x00000000c1c00000, 0x00000000c3d80000, 0x00000000eb400000)
  object space 34304K, 61% used [0x00000000c1c00000,0x00000000c3078380,0x00000000c3d80000)
 Metaspace       used 33886K, capacity 35344K, committed 35496K, reserved 1079296K
  class space    used 4386K, capacity 4663K, committed 4784K, reserved 1048576K
Event: 5.447 GC heap after
Heap after GC invocations=13 (full 2):
 PSYoungGen      total 153600K, used 0K [0x00000000eb400000, 0x00000000f9200000, 0x0000000100000000)
  eden space 140800K, 0% used [0x00000000eb400000,0x00000000eb400000,0x00000000f3d80000)
  from space 12800K, 0% used [0x00000000f3d80000,0x00000000f3d80000,0x00000000f4a00000)
  to   space 12800K, 0% used [0x00000000f8580000,0x00000000f8580000,0x00000000f9200000)
 ParOldGen       total 49152K, used 14080K [0x00000000c1c00000, 0x00000000c4c00000, 0x00000000eb400000)
  object space 49152K, 28% used [0x00000000c1c00000,0x00000000c29c0150,0x00000000c4c00000)
 Metaspace       used 33886K, capacity 35344K, committed 35496K, reserved 1079296K
  class space    used 4386K, capacity 4663K, committed 4784K, reserved 1048576K
}
Event: 8.709 GC heap before
{Heap before GC invocations=14 (full 2):
 PSYoungGen      total 153600K, used 140800K [0x00000000eb400000, 0x00000000f9200000, 0x0000000100000000)
  eden space 140800K, 100% used [0x00000000eb400000,0x00000000f3d80000,0x00000000f3d80000)
  from space 12800K, 0% used [0x00000000f3d80000,0x00000000f3d80000,0x00000000f4a00000)
  to   space 12800K, 0% used [0x00000000f8580000,0x00000000f8580000,0x00000000f9200000)
 ParOldGen       total 49152K, used 14080K [0x00000000c1c00000, 0x00000000c4c00000, 0x00000000eb400000)
  object space 49152K, 28% used [0x00000000c1c00000,0x00000000c29c0150,0x00000000c4c00000)
 Metaspace       used 48360K, capacity 50020K, committed 50344K, reserved 1093632K
  class space    used 6424K, capacity 6735K, committed 6832K, reserved 1048576K
Event: 8.723 GC heap after
Heap after GC invocations=14 (full 2):
 PSYoungGen      total 208896K, used 12790K [0x00000000eb400000, 0x00000000f9280000, 0x0000000100000000)
  eden space 196096K, 0% used [0x00000000eb400000,0x00000000eb400000,0x00000000f7380000)
  from space 12800K, 99% used [0x00000000f8580000,0x00000000f91fdbf8,0x00000000f9200000)
  to   space 15872K, 0% used [0x00000000f7380000,0x00000000f7380000,0x00000000f8300000)
 ParOldGen       total 49152K, used 16235K [0x00000000c1c00000, 0x00000000c4c00000, 0x00000000eb400000)
  object space 49152K, 33% used [0x00000000c1c00000,0x00000000c2bdafb8,0x00000000c4c00000)
 Metaspace       used 48360K, capacity 50020K, committed 50344K, reserved 1093632K
  class space    used 6424K, capacity 6735K, committed 6832K, reserved 1048576K
}
Event: 10.231 GC heap before
{Heap before GC invocations=15 (full 2):
 PSYoungGen      total 208896K, used 134875K [0x00000000eb400000, 0x00000000f9280000, 0x0000000100000000)
  eden space 196096K, 62% used [0x00000000eb400000,0x00000000f2b39138,0x00000000f7380000)
  from space 12800K, 99% used [0x00000000f8580000,0x00000000f91fdbf8,0x00000000f9200000)
  to   space 15872K, 0% used [0x00000000f7380000,0x00000000f7380000,0x00000000f8300000)
 ParOldGen       total 49152K, used 16235K [0x00000000c1c00000, 0x00000000c4c00000, 0x00000000eb400000)
  object space 49152K, 33% used [0x00000000c1c00000,0x00000000c2bdafb8,0x00000000c4c00000)
 Metaspace       used 56878K, capacity 59044K, committed 59160K, reserved 1099776K
  class space    used 7741K, capacity 8107K, committed 8112K, reserved 1048576K
Event: 10.251 GC heap after
Heap after GC invocations=15 (full 2):
 PSYoungGen      total 211968K, used 9771K [0x00000000eb400000, 0x00000000f9280000, 0x0000000100000000)
  eden space 196096K, 0% used [0x00000000eb400000,0x00000000eb400000,0x00000000f7380000)
  from space 15872K, 61% used [0x00000000f7380000,0x00000000f7d0ac60,0x00000000f8300000)
  to   space 12800K, 0% used [0x00000000f8580000,0x00000000f8580000,0x00000000f9200000)
 ParOldGen       total 49152K, used 20806K [0x00000000c1c00000, 0x00000000c4c00000, 0x00000000eb400000)
  object space 49152K, 42% used [0x00000000c1c00000,0x00000000c3051a98,0x00000000c4c00000)
 Metaspace       used 56878K, capacity 59044K, committed 59160K, reserved 1099776K
  class space    used 7741K, capacity 8107K, committed 8112K, reserved 1048576K
}
Event: 10.251 GC heap before
{Heap before GC invocations=16 (full 3):
 PSYoungGen      total 211968K, used 9771K [0x00000000eb400000, 0x00000000f9280000, 0x0000000100000000)
  eden space 196096K, 0% used [0x00000000eb400000,0x00000000eb400000,0x00000000f7380000)
  from space 15872K, 61% used [0x00000000f7380000,0x00000000f7d0ac60,0x00000000f8300000)
  to   space 12800K, 0% used [0x00000000f8580000,0x00000000f8580000,0x00000000f9200000)
 ParOldGen       total 49152K, used 20806K [0x00000000c1c00000, 0x00000000c4c00000, 0x00000000eb400000)
  object space 49152K, 42% used [0x00000000c1c00000,0x00000000c3051a98,0x00000000c4c00000)
 Metaspace       used 56878K, capacity 59044K, committed 59160K, reserved 1099776K
  class space    used 7741K, capacity 8107K, committed 8112K, reserved 1048576K
Event: 10.507 GC heap after
Heap after GC invocations=16 (full 3):
 PSYoungGen      total 211968K, used 0K [0x00000000eb400000, 0x00000000f9280000, 0x0000000100000000)
  eden space 196096K, 0% used [0x00000000eb400000,0x00000000eb400000,0x00000000f7380000)
  from space 15872K, 0% used [0x00000000f7380000,0x00000000f7380000,0x00000000f8300000)
  to   space 12800K, 0% used [0x00000000f8580000,0x00000000f8580000,0x00000000f9200000)
 ParOldGen       total 72192K, used 27125K [0x00000000c1c00000, 0x00000000c6280000, 0x00000000eb400000)
  object space 72192K, 37% used [0x00000000c1c00000,0x00000000c367d408,0x00000000c6280000)
 Metaspace       used 56878K, capacity 59044K, committed 59160K, reserved 1099776K
  class space    used 7741K, capacity 8107K, committed 8112K, reserved 1048576K
}

